\BOOKMARK [1][-]{section.1}{\376\377\000I\000n\000t\000r\000o\000d\000u\000c\000c\000i\000\363\000n}{}% 1
\BOOKMARK [1][-]{section.2}{\376\377\000M\000o\000d\000e\000l\000a\000d\000o\000\040\000E\000s\000t\000r\000u\000c\000t\000u\000r\000a\000l}{}% 2
\BOOKMARK [2][-]{subsection.2.1}{\376\377\000D\000i\000a\000g\000r\000a\000m\000a\000\040\000d\000e\000\040\000C\000l\000a\000s\000e\000s}{section.2}% 3
\BOOKMARK [2][-]{subsection.2.2}{\376\377\000E\000n\000u\000m\000e\000r\000a\000c\000i\000o\000n\000e\000s\000\040\000d\000e\000l\000\040\000S\000i\000s\000t\000e\000m\000a}{section.2}% 4
\BOOKMARK [3][-]{subsubsection.2.2.1}{\376\377\000T\000i\000p\000o\000R\000e\000v\000i\000s\000i\000o\000n}{subsection.2.2}% 5
\BOOKMARK [2][-]{subsection.2.3}{\376\377\000C\000l\000a\000s\000e\000s\000\040\000d\000e\000l\000\040\000S\000i\000s\000t\000e\000m\000a}{section.2}% 6
\BOOKMARK [3][-]{subsubsection.2.3.1}{\376\377\000C\000l\000o\000c\000k}{subsection.2.3}% 7
\BOOKMARK [3][-]{subsubsection.2.3.2}{\376\377\000A\000c\000t\000i\000v\000e\000O\000b\000j\000e\000c\000t}{subsection.2.3}% 8
\BOOKMARK [3][-]{subsubsection.2.3.3}{\376\377\000C\000o\000c\000h\000e}{subsection.2.3}% 9
\BOOKMARK [3][-]{subsubsection.2.3.4}{\376\377\000R\000e\000v\000i\000s\000i\000o\000n}{subsection.2.3}% 10
\BOOKMARK [3][-]{subsubsection.2.3.5}{\376\377\000T\000a\000l\000l\000e\000r}{subsection.2.3}% 11
\BOOKMARK [3][-]{subsubsection.2.3.6}{\376\377\000O\000f\000i\000c\000i\000a\000l}{subsection.2.3}% 12
\BOOKMARK [3][-]{subsubsection.2.3.7}{\376\377\000N\000o\000\137\000O\000f\000i\000c\000i\000a\000l}{subsection.2.3}% 13
\BOOKMARK [3][-]{subsubsection.2.3.8}{\376\377\000C\000i\000u\000d\000a\000d}{subsection.2.3}% 14
\BOOKMARK [3][-]{subsubsection.2.3.9}{\376\377\000R\000e\000c\000o\000r\000r\000i\000d\000o}{subsection.2.3}% 15
\BOOKMARK [3][-]{subsubsection.2.3.10}{\376\377\000V\000i\000a\000j\000e}{subsection.2.3}% 16
\BOOKMARK [2][-]{subsection.2.4}{\376\377\000C\000\363\000d\000i\000g\000o\000\040\000U\000S\000E}{section.2}% 17
\BOOKMARK [2][-]{subsection.2.5}{\376\377\000D\000i\000a\000g\000r\000a\000m\000a\000\040\000d\000e\000\040\000C\000l\000a\000s\000e\000s\000\040\000e\000n\000\040\000U\000S\000E}{section.2}% 18
\BOOKMARK [2][-]{subsection.2.6}{\376\377\000I\000n\000v\000a\000r\000i\000a\000n\000t\000e\000s\000\040\000y\000\040\000.\000S\000O\000I\000L}{section.2}% 19
\BOOKMARK [2][-]{subsection.2.7}{\376\377\000D\000i\000a\000g\000r\000a\000m\000a\000s\000\040\000d\000e\000\040\000o\000b\000j\000e\000t\000o\000s\000\040\000p\000a\000r\000a\000\040\000c\000a\000d\000a\000\040\000r\000e\000s\000t\000r\000i\000c\000c\000i\000\363\000n}{section.2}% 20
\BOOKMARK [3][-]{subsubsection.2.7.1}{\376\377\000I\000n\000v\000a\000r\000i\000a\000n\000t\000e\000\040\0001\000:\000\040\000m\000\355\000n\000i\000m\000o\0005\000K\000m}{subsection.2.7}% 21
\BOOKMARK [3][-]{subsubsection.2.7.2}{\376\377\000I\000n\000v\000a\000r\000i\000a\000n\000t\000e\000\040\0002\000:\000\040\000r\000e\000v\000i\000s\000i\000o\000n\000D\000e\000s\000p\000u\000e\000s\000d\000e\000M\000a\000t\000r\000i\000c\000u\000l\000a\000c\000i\000o\000n}{subsection.2.7}% 22
\BOOKMARK [3][-]{subsubsection.2.7.3}{\376\377\000I\000n\000v\000a\000r\000i\000a\000n\000t\000e\000\040\0003\000:\000\040\000r\000e\000v\000i\000s\000a\000d\000o\000U\000n\000a\000V\000e\000z}{subsection.2.7}% 23
\BOOKMARK [3][-]{subsubsection.2.7.4}{\376\377\000I\000n\000v\000a\000r\000i\000a\000n\000t\000e\000\040\0004\000:\000\040\000m\000i\000s\000m\000a\000C\000i\000u\000d\000a\000d\000q\000u\000e\000T\000a\000l\000l\000e\000r\000E\000n\000R\000e\000v\000i\000s\000i\000o\000n}{subsection.2.7}% 24
\BOOKMARK [3][-]{subsubsection.2.7.5}{\376\377\000I\000n\000v\000a\000r\000i\000a\000n\000t\000e\000\040\0005\000:\000\040\000v\000i\000a\000j\000a\000n\000d\000o\000O\000e\000n\000C\000i\000u\000d\000a\000d}{subsection.2.7}% 25
\BOOKMARK [3][-]{subsubsection.2.7.6}{\376\377\000I\000n\000v\000a\000r\000i\000a\000n\000t\000e\000\040\0006\000:\000\040\000e\000n\000C\000i\000u\000d\000a\000d\000D\000e\000s\000t\000i\000n\000o}{subsection.2.7}% 26
\BOOKMARK [3][-]{subsubsection.2.7.7}{\376\377\000I\000n\000v\000a\000r\000i\000a\000n\000t\000e\000\040\0007\000:\000\040\000v\000i\000a\000j\000e\000U\000n\000i\000c\000o}{subsection.2.7}% 27
\BOOKMARK [3][-]{subsubsection.2.7.8}{\376\377\000I\000n\000v\000a\000r\000i\000a\000n\000t\000e\000\040\0008\000:\000\040\000d\000e\000s\000t\000i\000n\000o\000C\000o\000m\000o\000O\000r\000i\000g\000e\000n}{subsection.2.7}% 28
\BOOKMARK [3][-]{subsubsection.2.7.9}{\376\377\000I\000n\000v\000a\000r\000i\000a\000n\000t\000e\000\040\0009\000:\000\040\000h\000a\000y\000R\000e\000c\000o\000r\000r\000i\000d\000o\000s}{subsection.2.7}% 29
\BOOKMARK [3][-]{subsubsection.2.7.10}{\376\377\000I\000n\000v\000a\000r\000i\000a\000n\000t\000e\000\040\0001\0000\000:\000\040\000e\000m\000p\000i\000e\000z\000a\000V\000i\000a\000j\000e\000E\000n\000D\000e\000s\000t\000i\000n\000o}{subsection.2.7}% 30
\BOOKMARK [3][-]{subsubsection.2.7.11}{\376\377\000I\000n\000v\000a\000r\000i\000a\000n\000t\000e\000\040\0001\0001\000:\000\040\000v\000i\000a\000j\000e\000D\000e\000s\000p\000u\000e\000s\000d\000e\000M\000a\000t\000r\000i\000c\000u\000l\000a\000c\000i\000o\000n}{subsection.2.7}% 31
\BOOKMARK [3][-]{subsubsection.2.7.12}{\376\377\000I\000n\000v\000a\000r\000i\000a\000n\000t\000e\000\040\0001\0002\000:\000\040\000n\000o\000V\000i\000a\000j\000e\000E\000n\000M\000a\000n\000t\000e\000n\000i\000m\000i\000e\000n\000t\000o}{subsection.2.7}% 32
\BOOKMARK [3][-]{subsubsection.2.7.13}{\376\377\000I\000n\000v\000a\000r\000i\000a\000n\000t\000e\000\040\0001\0003\000:\000\040\000f\000e\000c\000h\000a\000V\000i\000a\000j\000e\000B\000i\000e\000n\000D\000e\000f\000i\000n\000i\000d\000a}{subsection.2.7}% 33
\BOOKMARK [1][-]{section.3}{\376\377\000M\000o\000d\000e\000l\000a\000d\000o\000\040\000D\000i\000n\000\341\000m\000i\000c\000o}{}% 34
\BOOKMARK [2][-]{subsection.3.1}{\376\377\000D\000i\000a\000g\000r\000a\000m\000a\000\040\000d\000e\000\040\000c\000l\000a\000s\000e\000s}{section.3}% 35
\BOOKMARK [2][-]{subsection.3.2}{\376\377\000N\000o\000v\000e\000d\000a\000d\000e\000s\000\040\000y\000\040\000m\000o\000d\000i\000f\000i\000c\000a\000c\000i\000o\000n\000e\000s\000\040\000e\000n\000\040\000l\000a\000s\000\040\000c\000l\000a\000s\000e\000s\000\040\000d\000e\000l\000\040\000s\000i\000s\000t\000e\000m\000a\000\040\000d\000i\000n\000\341\000m\000i\000c\000o}{section.3}% 36
\BOOKMARK [3][-]{subsubsection.3.2.1}{\376\377\000C\000l\000o\000c\000k}{subsection.3.2}% 37
\BOOKMARK [3][-]{subsubsection.3.2.2}{\376\377\000A\000c\000t\000i\000v\000e\000O\000b\000j\000e\000c\000t}{subsection.3.2}% 38
\BOOKMARK [3][-]{subsubsection.3.2.3}{\376\377\000C\000o\000c\000h\000e}{subsection.3.2}% 39
\BOOKMARK [3][-]{subsubsection.3.2.4}{\376\377\000V\000i\000a\000j\000e}{subsection.3.2}% 40
\BOOKMARK [2][-]{subsection.3.3}{\376\377\000D\000i\000a\000g\000r\000a\000m\000a\000\040\000d\000e\000\040\000C\000l\000a\000s\000e\000s\000\040\000d\000e\000l\000\040\000m\000o\000d\000e\000l\000o\000\040\000d\000i\000n\000\341\000m\000i\000c\000o\000\040\000e\000n\000\040\000U\000S\000E}{section.3}% 41
\BOOKMARK [2][-]{subsection.3.4}{\376\377\000C\000o\000d\000i\000g\000o\000\040\000U\000s\000e\000\040\000d\000e\000l\000\040\000a\000p\000a\000r\000t\000a\000d\000o\000\040\000B}{section.3}% 42
\BOOKMARK [2][-]{subsection.3.5}{\376\377\000M\000o\000d\000i\000f\000i\000c\000a\000c\000i\000o\000n\000e\000s\000\040\000d\000e\000\040\000l\000a\000s\000\040\000i\000n\000v\000a\000r\000i\000a\000n\000t\000e\000s\000\040\000e\000n\000\040\000e\000l\000\040\000m\000o\000d\000e\000l\000o\000\040\000d\000i\000n\000\341\000m\000i\000c\000o}{section.3}% 43
\BOOKMARK [3][-]{subsubsection.3.5.1}{\376\377\000I\000n\000v\0004\000:\000\040\000S\000i\000\040\000u\000n\000\040\000c\000o\000c\000h\000e\000\040\000e\000s\000t\000\341\000\040\000e\000n\000\040\000r\000e\000v\000i\000s\000i\000\363\000n\000,\000\040\000d\000e\000b\000e\000\040\000d\000e\000\040\000e\000s\000t\000a\000r\000\040\000e\000n\000\040\000l\000a\000\040\000m\000i\000s\000m\000a\000\040\000c\000i\000u\000d\000a\000d\000\040\000q\000u\000e\000\040\000e\000l\000\040\000t\000a\000l\000l\000e\000r}{subsection.3.5}% 44
\BOOKMARK [3][-]{subsubsection.3.5.2}{\376\377\000I\000n\000v\0005\000:\000\040\000U\000n\000\040\000c\000o\000c\000h\000e\000\040\000t\000i\000e\000n\000e\000\040\000q\000u\000e\000\040\000e\000s\000t\000a\000r\000\040\000o\000\040\000v\000i\000a\000j\000a\000n\000d\000o\000\040\000o\000\040\000e\000n\000\040\000u\000n\000a\000\040\000c\000i\000u\000d\000a\000d}{subsection.3.5}% 45
\BOOKMARK [3][-]{subsubsection.3.5.3}{\376\377\000I\000n\000v\0001\0003\000:\000\040\000U\000n\000\040\000v\000i\000a\000j\000e\000\040\000n\000o\000\040\000p\000u\000e\000d\000e\000\040\000t\000e\000n\000e\000r\000\040\000u\000n\000a\000\040\000f\000e\000c\000h\000a\000\040\000d\000e\000\040\000i\000n\000i\000c\000i\000o\000\040\000s\000u\000p\000e\000r\000i\000o\000r\000\040\000a\000\040\000s\000u\000\040\000f\000e\000c\000h\000a\000\040\000d\000e\000\040\000l\000l\000e\000g\000a\000d\000a}{subsection.3.5}% 46
\BOOKMARK [2][-]{subsection.3.6}{\376\377\000D\000i\000a\000g\000r\000a\000m\000a\000s\000\040\000d\000e\000\040\000o\000b\000j\000e\000t\000o\000s\000\040\000p\000a\000r\000a\000\040\000c\000a\000d\000a\000\040\000r\000e\000s\000t\000r\000i\000c\000c\000i\000\363\000n\000\040\000m\000o\000d\000i\000f\000i\000c\000a\000d\000a}{section.3}% 47
\BOOKMARK [3][-]{subsubsection.3.6.1}{\376\377\000I\000n\000v\000a\000r\000i\000a\000n\000t\000e\000\040\0004\000:\000\040\000m\000i\000s\000m\000a\000C\000i\000u\000d\000a\000d\000q\000u\000e\000T\000a\000l\000l\000e\000r\000E\000n\000R\000e\000v\000i\000s\000i\000o\000n}{subsection.3.6}% 48
\BOOKMARK [3][-]{subsubsection.3.6.2}{\376\377\000I\000n\000v\000a\000r\000i\000a\000n\000t\000e\000\040\0005\000:\000\040\000v\000i\000a\000j\000a\000n\000d\000o\000O\000e\000n\000C\000i\000u\000d\000a\000d}{subsection.3.6}% 49
\BOOKMARK [3][-]{subsubsection.3.6.3}{\376\377\000I\000n\000v\000a\000r\000i\000a\000n\000t\000e\000\040\0001\0003\000:\000\040\000n\000o\000V\000i\000a\000j\000e\000E\000n\000M\000a\000n\000t\000e\000n\000i\000e\000n\000t\000o}{subsection.3.6}% 50
\BOOKMARK [2][-]{subsection.3.7}{\376\377\000b\0003}{section.3}% 51
\BOOKMARK [1][-]{section.4}{\376\377\000M\000o\000d\000e\000l\000o\000\040\000d\000e\000\040\000O\000b\000j\000e\000t\000o\000s}{}% 52
\BOOKMARK [2][-]{subsection.4.1}{\376\377\000I\000n\000s\000t\000a\000n\000t\000e\000\040\0000}{section.4}% 53
\BOOKMARK [2][-]{subsection.4.2}{\376\377\000I\000n\000s\000t\000a\000n\000t\000e\000\040\0001}{section.4}% 54
\BOOKMARK [2][-]{subsection.4.3}{\376\377\000I\000n\000s\000t\000a\000n\000t\000e\000\040\0002}{section.4}% 55
\BOOKMARK [2][-]{subsection.4.4}{\376\377\000C\000\363\000d\000i\000g\000o\000\040\000S\000O\000I\000L\000\040\000p\000a\000r\000a\000\040\000l\000a\000\040\000S\000i\000m\000u\000l\000a\000c\000i\000\363\000n}{section.4}% 56
