This is pdfTeX, Version 3.141592653-2.6-1.40.26 (MiKTeX 24.4) (preloaded format=pdflatex 2024.11.8)  8 NOV 2024 16:17
entering extended mode
 restricted \write18 enabled.
 file:line:error style messages enabled.
 %&-line parsing enabled.
**c:/Users/franc/Desktop/Memoria/main.tex
(c:/Users/franc/Desktop/Memoria/main.tex
LaTeX2e <2024-11-01>
L3 programming layer <2024-10-09>
(C:\MikTeX\tex/latex/base\article.cls
Document Class: article 2024/06/29 v1.4n Standard LaTeX document class
(C:\MikTeX\tex/latex/base\size10.clo
File: size10.clo 2024/06/29 v1.4n Standard LaTeX file (size option)
)
\c@part=\count196
\c@section=\count197
\c@subsection=\count198
\c@subsubsection=\count199
\c@paragraph=\count266
\c@subparagraph=\count267
\c@figure=\count268
\c@table=\count269
\abovecaptionskip=\skip49
\belowcaptionskip=\skip50
\bibindent=\dimen141
) (C:\MikTeX\tex/latex/base\inputenc.sty
Package: inputenc 2024/02/08 v1.3d Input encoding file
\inpenc@prehook=\toks17
\inpenc@posthook=\toks18
) (C:\MikTeX\tex/generic/babel\babel.sty
Package: babel 2024/10/20 v24.12 The multilingual framework for pdfLaTeX, LuaLaTeX and XeLaTeX
\babel@savecnt=\count270
\U@D=\dimen142
\l@unhyphenated=\language79
 (C:\MikTeX\tex/generic/babel\txtbabel.def)
\bbl@readstream=\read2
\bbl@dirlevel=\count271

*************************************
* Local config file bblopts.cfg used
*
(C:\MikTeX\tex/latex/arabi\bblopts.cfg
File: bblopts.cfg 2005/09/08 v0.1 add Arabic and Farsi to "declared" options of babel
) (C:\MikTeX\tex/latex/babel-spanish\spanish.ldf
Language: spanish.ldf 2021/05/27 v5.0q Spanish support from the babel system
\es@quottoks=\toks19
\es@quotdepth=\count272
Package babel Info: Making " an active character on input line 570.
Package babel Info: Making . an active character on input line 675.
Package babel Info: Making < an active character on input line 722.
Package babel Info: Making > an active character on input line 722.
)) (C:\MikTeX\tex/generic/babel/locale/es\babel-spanish.tex
Package babel Info: Importing font and identification data for spanish
(babel)             from babel-es.ini. Reported on input line 11.
) (C:\MikTeX\tex/latex/graphics\graphicx.sty
Package: graphicx 2021/09/16 v1.2d Enhanced LaTeX Graphics (DPC,SPQR)
 (C:\MikTeX\tex/latex/graphics\keyval.sty
Package: keyval 2022/05/29 v1.15 key=value parser (DPC)
\KV@toks@=\toks20
) (C:\MikTeX\tex/latex/graphics\graphics.sty
Package: graphics 2024/08/06 v1.4g Standard LaTeX Graphics (DPC,SPQR)
 (C:\MikTeX\tex/latex/graphics\trig.sty
Package: trig 2023/12/02 v1.11 sin cos tan (DPC)
) (C:\MikTeX\tex/latex/graphics-cfg\graphics.cfg
File: graphics.cfg 2016/06/04 v1.11 sample graphics configuration
)
Package graphics Info: Driver file: pdftex.def on input line 106.
 (C:\MikTeX\tex/latex/graphics-def\pdftex.def
File: pdftex.def 2024/04/13 v1.2c Graphics/color driver for pdftex
))
\Gin@req@height=\dimen143
\Gin@req@width=\dimen144
) (C:\MikTeX\tex/latex/float\float.sty
Package: float 2001/11/08 v1.3d Float enhancements (AL)
\c@float@type=\count273
\float@exts=\toks21
\float@box=\box52
\@float@everytoks=\toks22
\@floatcapt=\box53
) (C:\MikTeX\tex/latex/listings\listings.sty
\lst@mode=\count274
\lst@gtempboxa=\box54
\lst@token=\toks23
\lst@length=\count275
\lst@currlwidth=\dimen145
\lst@column=\count276
\lst@pos=\count277
\lst@lostspace=\dimen146
\lst@width=\dimen147
\lst@newlines=\count278
\lst@lineno=\count279
\lst@maxwidth=\dimen148
 (C:\MikTeX\tex/latex/listings\lstpatch.sty
File: lstpatch.sty 2024/09/23 1.10c (Carsten Heinz)
) (C:\MikTeX\tex/latex/listings\lstmisc.sty
File: lstmisc.sty 2024/09/23 1.10c (Carsten Heinz)
\c@lstnumber=\count280
\lst@skipnumbers=\count281
\lst@framebox=\box55
) (C:\MikTeX\tex/latex/listings\listings.cfg
File: listings.cfg 2024/09/23 1.10c listings configuration
))
Package: listings 2024/09/23 1.10c (Carsten Heinz)
 (C:\MikTeX\tex/latex/titlesec\titlesec.sty
Package: titlesec 2023/10/27 v2.16 Sectioning titles
\ttl@box=\box56
\beforetitleunit=\skip51
\aftertitleunit=\skip52
\ttl@plus=\dimen149
\ttl@minus=\dimen150
\ttl@toksa=\toks24
\titlewidth=\dimen151
\titlewidthlast=\dimen152
\titlewidthfirst=\dimen153
) (C:\MikTeX\tex/latex/xcolor\xcolor.sty
Package: xcolor 2024/09/29 v3.02 LaTeX color extensions (UK)
 (C:\MikTeX\tex/latex/graphics-cfg\color.cfg
File: color.cfg 2016/01/02 v1.6 sample color configuration
)
Package xcolor Info: Driver file: pdftex.def on input line 274.
 (C:\MikTeX\tex/latex/graphics\mathcolor.ltx)
Package xcolor Info: Model `cmy' substituted by `cmy0' on input line 1349.
Package xcolor Info: Model `hsb' substituted by `rgb' on input line 1353.
Package xcolor Info: Model `RGB' extended on input line 1365.
Package xcolor Info: Model `HTML' substituted by `rgb' on input line 1367.
Package xcolor Info: Model `Hsb' substituted by `hsb' on input line 1368.
Package xcolor Info: Model `tHsb' substituted by `hsb' on input line 1369.
Package xcolor Info: Model `HSB' substituted by `hsb' on input line 1370.
Package xcolor Info: Model `Gray' substituted by `gray' on input line 1371.
Package xcolor Info: Model `wave' substituted by `hsb' on input line 1372.
) (C:\MikTeX\tex/latex/geometry\geometry.sty
Package: geometry 2020/01/02 v5.9 Page Geometry
 (C:\MikTeX\tex/generic/iftex\ifvtex.sty
Package: ifvtex 2019/10/25 v1.7 ifvtex legacy package. Use iftex instead.
 (C:\MikTeX\tex/generic/iftex\iftex.sty
Package: iftex 2022/02/03 v1.0f TeX engine tests
))
\Gm@cnth=\count282
\Gm@cntv=\count283
\c@Gm@tempcnt=\count284
\Gm@bindingoffset=\dimen154
\Gm@wd@mp=\dimen155
\Gm@odd@mp=\dimen156
\Gm@even@mp=\dimen157
\Gm@layoutwidth=\dimen158
\Gm@layoutheight=\dimen159
\Gm@layouthoffset=\dimen160
\Gm@layoutvoffset=\dimen161
\Gm@dimlist=\toks25
 (C:\MikTeX\tex/latex/geometry\geometry.cfg)) (C:\MikTeX\tex/latex/hyperref\hyperref.sty
Package: hyperref 2024-10-30 v7.01k Hypertext links for LaTeX
 (C:\MikTeX\tex/latex/kvsetkeys\kvsetkeys.sty
Package: kvsetkeys 2022-10-05 v1.19 Key value parser (HO)
) (C:\MikTeX\tex/generic/kvdefinekeys\kvdefinekeys.sty
Package: kvdefinekeys 2019-12-19 v1.6 Define keys (HO)
) (C:\MikTeX\tex/generic/pdfescape\pdfescape.sty
Package: pdfescape 2019/12/09 v1.15 Implements pdfTeX's escape features (HO)
 (C:\MikTeX\tex/generic/ltxcmds\ltxcmds.sty
Package: ltxcmds 2023-12-04 v1.26 LaTeX kernel commands for general use (HO)
) (C:\MikTeX\tex/generic/pdftexcmds\pdftexcmds.sty
Package: pdftexcmds 2020-06-27 v0.33 Utility functions of pdfTeX for LuaTeX (HO)
 (C:\MikTeX\tex/generic/infwarerr\infwarerr.sty
Package: infwarerr 2019/12/03 v1.5 Providing info/warning/error messages (HO)
)
Package pdftexcmds Info: \pdf@primitive is available.
Package pdftexcmds Info: \pdf@ifprimitive is available.
Package pdftexcmds Info: \pdfdraftmode found.
)) (C:\MikTeX\tex/latex/hycolor\hycolor.sty
Package: hycolor 2020-01-27 v1.10 Color options for hyperref/bookmark (HO)
) (C:\MikTeX\tex/latex/hyperref\nameref.sty
Package: nameref 2023-11-26 v2.56 Cross-referencing by name of section
 (C:\MikTeX\tex/latex/refcount\refcount.sty
Package: refcount 2019/12/15 v3.6 Data extraction from label references (HO)
) (C:\MikTeX\tex/generic/gettitlestring\gettitlestring.sty
Package: gettitlestring 2019/12/15 v1.6 Cleanup title references (HO)
 (C:\MikTeX\tex/latex/kvoptions\kvoptions.sty
Package: kvoptions 2022-06-15 v3.15 Key value format for package options (HO)
))
\c@section@level=\count285
) (C:\MikTeX\tex/latex/etoolbox\etoolbox.sty
Package: etoolbox 2020/10/05 v2.5k e-TeX tools for LaTeX (JAW)
\etb@tempcnta=\count286
) (C:\MikTeX\tex/generic/stringenc\stringenc.sty
Package: stringenc 2019/11/29 v1.12 Convert strings between diff. encodings (HO)
)
\@linkdim=\dimen162
\Hy@linkcounter=\count287
\Hy@pagecounter=\count288
 (C:\MikTeX\tex/latex/hyperref\pd1enc.def
File: pd1enc.def 2024-10-30 v7.01k Hyperref: PDFDocEncoding definition (HO)
Now handling font encoding PD1 ...
... no UTF-8 mapping file for font encoding PD1
) (C:\MikTeX\tex/generic/intcalc\intcalc.sty
Package: intcalc 2019/12/15 v1.3 Expandable calculations with integers (HO)
)
\Hy@SavedSpaceFactor=\count289
 (C:\MikTeX\tex/latex/hyperref\puenc.def
File: puenc.def 2024-10-30 v7.01k Hyperref: PDF Unicode definition (HO)
Now handling font encoding PU ...
... no UTF-8 mapping file for font encoding PU
)
Package hyperref Info: Option `colorlinks' set `true' on input line 4040.
Package hyperref Info: Hyper figures OFF on input line 4157.
Package hyperref Info: Link nesting OFF on input line 4162.
Package hyperref Info: Hyper index ON on input line 4165.
Package hyperref Info: Plain pages OFF on input line 4172.
Package hyperref Info: Backreferencing OFF on input line 4177.
Package hyperref Info: Implicit mode ON; LaTeX internals redefined.
Package hyperref Info: Bookmarks ON on input line 4424.
\c@Hy@tempcnt=\count290
 (C:\MikTeX\tex/latex/url\url.sty
\Urlmuskip=\muskip17
Package: url 2013/09/16  ver 3.4  Verb mode for urls, etc.
)
LaTeX Info: Redefining \url on input line 4763.
\XeTeXLinkMargin=\dimen163
 (C:\MikTeX\tex/generic/bitset\bitset.sty
Package: bitset 2019/12/09 v1.3 Handle bit-vector datatype (HO)
 (C:\MikTeX\tex/generic/bigintcalc\bigintcalc.sty
Package: bigintcalc 2019/12/15 v1.5 Expandable calculations on big integers (HO)
))
\Fld@menulength=\count291
\Field@Width=\dimen164
\Fld@charsize=\dimen165
Package hyperref Info: Hyper figures OFF on input line 6042.
Package hyperref Info: Link nesting OFF on input line 6047.
Package hyperref Info: Hyper index ON on input line 6050.
Package hyperref Info: backreferencing OFF on input line 6057.
Package hyperref Info: Link coloring ON on input line 6060.
Package hyperref Info: Link coloring with OCG OFF on input line 6067.
Package hyperref Info: PDF/A mode OFF on input line 6072.
 (C:\MikTeX\tex/latex/base\atbegshi-ltx.sty
Package: atbegshi-ltx 2021/01/10 v1.0c Emulation of the original atbegshi
package with kernel methods
)
\Hy@abspage=\count292
\c@Item=\count293
\c@Hfootnote=\count294
)
Package hyperref Info: Driver (autodetected): hpdftex.
 (C:\MikTeX\tex/latex/hyperref\hpdftex.def
File: hpdftex.def 2024-10-30 v7.01k Hyperref driver for pdfTeX
 (C:\MikTeX\tex/latex/base\atveryend-ltx.sty
Package: atveryend-ltx 2020/08/19 v1.0a Emulation of the original atveryend package
with kernel methods
)
\Fld@listcount=\count295
\c@bookmark@seq@number=\count296
 (C:\MikTeX\tex/latex/rerunfilecheck\rerunfilecheck.sty
Package: rerunfilecheck 2022-07-10 v1.10 Rerun checks for auxiliary files (HO)
 (C:\MikTeX\tex/generic/uniquecounter\uniquecounter.sty
Package: uniquecounter 2019/12/15 v1.4 Provide unlimited unique counter (HO)
)
Package uniquecounter Info: New unique counter `rerunfilecheck' on input line 285.
)
\Hy@SectionHShift=\skip53
) (C:\MikTeX\tex/latex/lipsum\lipsum.sty (C:\MikTeX\tex/latex/l3packages/l3keys2e\l3keys2e.sty (C:\MikTeX\tex/latex/l3kernel\expl3.sty
Package: expl3 2024-10-09 L3 programming layer (loader) 
 (C:\MikTeX\tex/latex/l3backend\l3backend-pdftex.def
File: l3backend-pdftex.def 2024-05-08 L3 backend support: PDF output (pdfTeX)
\l__color_backend_stack_int=\count297
\l__pdf_internal_box=\box57
))
Package: l3keys2e 2024-08-16 LaTeX2e option processing using LaTeX3 keys
)
Package: lipsum 2021-09-20 v2.7 150 paragraphs of Lorem Ipsum dummy text
\g__lipsum_par_int=\count298
\l__lipsum_a_int=\count299
\l__lipsum_b_int=\count300
 (C:\MikTeX\tex/latex/lipsum\lipsum.ltd.tex))

LaTeX Warning: Unused global option(s):
    [12pt.a4paper].

(main.aux
LaTeX Info: Redefining \. on input line 11.
LaTeX Info: Redefining \% on input line 11.


LaTeX Warning: Label `Diagrama del sistema de aviacion' multiply defined.


LaTeX Warning: Label `Diagrama del sistema de aviacion' multiply defined.


LaTeX Warning: Label `Diagrama del sistema de aviacion' multiply defined.


LaTeX Warning: Label `fig:diagrama1' multiply defined.


LaTeX Warning: Label `fig:diagrama2' multiply defined.


LaTeX Warning: Label `Diagrama_cumplimiento' multiply defined.


LaTeX Warning: Label `fig:diagrama1' multiply defined.


LaTeX Warning: Label `fig:diagrama2' multiply defined.


LaTeX Warning: Label `fig:diagrama_invariante' multiply defined.


LaTeX Warning: Label `Diagrama del sistema de aviacion' multiply defined.


LaTeX Warning: Label `Diagrama del sistema de aviacion' multiply defined.


LaTeX Warning: Label `Diagrama_cumplimiento' multiply defined.


LaTeX Warning: Label `fig:diagrama1' multiply defined.


LaTeX Warning: Label `fig:diagrama2' multiply defined.


LaTeX Warning: Label `fig:diagrama_invariante' multiply defined.


LaTeX Warning: Label `Diagrama_cumplimiento' multiply defined.


LaTeX Warning: Label `fig:diagrama1' multiply defined.


LaTeX Warning: Label `fig:diagrama2' multiply defined.


LaTeX Warning: Label `fig:diagrama3' multiply defined.


LaTeX Warning: Label `fig:Diagrama_incumplimiento' multiply defined.


LaTeX Warning: Label `Diagrama del sistema de aviacion' multiply defined.


LaTeX Warning: Label `Diagrama del sistema de aviacion' multiply defined.


LaTeX Warning: Label `Diagrama_cumplimiento' multiply defined.


LaTeX Warning: Label `fig:diagrama1' multiply defined.


LaTeX Warning: Label `fig:diagrama2' multiply defined.


LaTeX Warning: Label `fig:diagrama3' multiply defined.


LaTeX Warning: Label `fig:Diagrama_incumplimiento' multiply defined.


LaTeX Warning: Label `Diagrama del sistema de aviacion' multiply defined.


LaTeX Warning: Label `Diagrama del sistema de aviacion' multiply defined.


LaTeX Warning: Label `Diagrama_cumplimiento' multiply defined.


LaTeX Warning: Label `fig:diagrama1' multiply defined.


LaTeX Warning: Label `fig:diagrama2' multiply defined.


LaTeX Warning: Label `fig:diagrama_invariante' multiply defined.


LaTeX Warning: Label `Diagrama del sistema de aviacion' multiply defined.


LaTeX Warning: Label `Diagrama del sistema de aviacion' multiply defined.


LaTeX Warning: Label `fig:diagrama2' multiply defined.


LaTeX Warning: Label `Diagrama_cumplimiento' multiply defined.


LaTeX Warning: Label `Diagrama del sistema de aviacion' multiply defined.


LaTeX Warning: Label `Diagrama del sistema de coches' multiply defined.

)
\openout1 = `main.aux'.

LaTeX Font Info:    Checking defaults for OML/cmm/m/it on input line 29.
LaTeX Font Info:    ... okay on input line 29.
LaTeX Font Info:    Checking defaults for OMS/cmsy/m/n on input line 29.
LaTeX Font Info:    ... okay on input line 29.
LaTeX Font Info:    Checking defaults for OT1/cmr/m/n on input line 29.
LaTeX Font Info:    ... okay on input line 29.
LaTeX Font Info:    Checking defaults for T1/cmr/m/n on input line 29.
LaTeX Font Info:    ... okay on input line 29.
LaTeX Font Info:    Checking defaults for TS1/cmr/m/n on input line 29.
LaTeX Font Info:    ... okay on input line 29.
LaTeX Font Info:    Checking defaults for OMX/cmex/m/n on input line 29.
LaTeX Font Info:    ... okay on input line 29.
LaTeX Font Info:    Checking defaults for U/cmr/m/n on input line 29.
LaTeX Font Info:    ... okay on input line 29.
LaTeX Font Info:    Checking defaults for PD1/pdf/m/n on input line 29.
LaTeX Font Info:    ... okay on input line 29.
LaTeX Font Info:    Checking defaults for PU/pdf/m/n on input line 29.
LaTeX Font Info:    ... okay on input line 29.
LaTeX Info: Redefining \. on input line 29.
LaTeX Info: Redefining \% on input line 29.
 (C:\MikTeX\tex/context/base/mkii\supp-pdf.mkii
[Loading MPS to PDF converter (version 2006.09.02).]
\scratchcounter=\count301
\scratchdimen=\dimen166
\scratchbox=\box58
\nofMPsegments=\count302
\nofMParguments=\count303
\everyMPshowfont=\toks26
\MPscratchCnt=\count304
\MPscratchDim=\dimen167
\MPnumerator=\count305
\makeMPintoPDFobject=\count306
\everyMPtoPDFconversion=\toks27
) (C:\MikTeX\tex/latex/epstopdf-pkg\epstopdf-base.sty
Package: epstopdf-base 2020-01-24 v2.11 Base part for package epstopdf
Package epstopdf-base Info: Redefining graphics rule for `.eps' on input line 485.
 (C:\MikTeX\tex/latex/00miktex\epstopdf-sys.cfg
File: epstopdf-sys.cfg 2021/03/18 v2.0 Configuration of epstopdf for MiKTeX
))
\c@lstlisting=\count307

*geometry* driver: auto-detecting
*geometry* detected driver: pdftex
*geometry* verbose mode - [ preamble ] result:
* driver: pdftex
* paper: <default>
* layout: <same size as paper>
* layoutoffset:(h,v)=(0.0pt,0.0pt)
* modes: 
* h-part:(L,W,R)=(71.13188pt, 472.03123pt, 71.13188pt)
* v-part:(T,H,B)=(85.35826pt, 624.25346pt, 85.35826pt)
* \paperwidth=614.295pt
* \paperheight=794.96999pt
* \textwidth=472.03123pt
* \textheight=624.25346pt
* \oddsidemargin=-1.1381pt
* \evensidemargin=-1.1381pt
* \topmargin=-23.91173pt
* \headheight=12.0pt
* \headsep=25.0pt
* \topskip=10.0pt
* \footskip=30.0pt
* \marginparwidth=65.0pt
* \marginparsep=11.0pt
* \columnsep=10.0pt
* \skip\footins=9.0pt plus 4.0pt minus 2.0pt
* \hoffset=0.0pt
* \voffset=0.0pt
* \mag=1000
* \@twocolumnfalse
* \@twosidefalse
* \@mparswitchfalse
* \@reversemarginfalse
* (1in=72.27pt=25.4mm, 1cm=28.453pt)

Package hyperref Info: Link coloring ON on input line 29.
(main.out) (main.out)
\@outlinefile=\write3
\openout3 = `main.out'.

<assets/umaLogo.png, id=227, 1685.29625pt x 1541.76pt>
File: assets/umaLogo.png Graphic file (type png)
<use assets/umaLogo.png>
Package pdftex.def Info: assets/umaLogo.png  used on input line 44.
(pdftex.def)             Requested size: 118.0078pt x 107.93422pt.


[1

{C:/Users/franc/AppData/Local/MiKTeX/fonts/map/pdftex/pdftex.map} <./assets/umaLogo.png>] (main.toc
LaTeX Info: Redefining \. on input line 1.
LaTeX Info: Redefining \% on input line 1.
LaTeX Font Info:    External font `cmex10' loaded for size
(Font)              <7> on input line 4.
LaTeX Font Info:    External font `cmex10' loaded for size
(Font)              <5> on input line 4.



pdfTeX warning (ext4): destination with the same identifier (name{page.1}) has been already used, duplicate ignored
<to be read again> 
                   \relax 
l.50 ...iajandoOenCiudad}{40}{subsubsection.3.6.2}
                                                  % [1])
\tf@toc=\write4
\openout4 = `main.toc'.



[2] (main.lof
LaTeX Info: Redefining \. on input line 1.
LaTeX Info: Redefining \% on input line 1.
)
\tf@lof=\write5
\openout5 = `main.lof'.



[3]

[4]
<diagramas/VPP_A.png, id=390, 770.3982pt x 396.7623pt>
File: diagramas/VPP_A.png Graphic file (type png)
<use diagramas/VPP_A.png>
Package pdftex.def Info: diagramas/VPP_A.png  used on input line 97.
(pdftex.def)             Requested size: 472.03123pt x 243.10226pt.


[5 <./diagramas/VPP_A.png>]

[6]
LaTeX Font Info:    Font shape `OT1/cmtt/bx/n' in size <10> not available
(Font)              Font shape `OT1/cmtt/m/n' tried instead on input line 171.
 (C:\MikTeX\tex/latex/listings\lstlang1.sty
File: lstlang1.sty 2024/09/23 1.10c listings language file
)

[7]
Package hyperref Info: bookmark level for unknown lstlisting defaults to 0 on input line 248.


[8]

[9]

[10]

[11]
<diagramas/USE_A.png, id=625, 703.87968pt x 381.67593pt>
File: diagramas/USE_A.png Graphic file (type png)
<use diagramas/USE_A.png>
Package pdftex.def Info: diagramas/USE_A.png  used on input line 486.
(pdftex.def)             Requested size: 472.03123pt x 255.9545pt.


[12]

[13 <./diagramas/USE_A.png>]

[14]

[15]
<Soils/1_v2.png, id=716, 546.54187pt x 236.38312pt>
File: Soils/1_v2.png Graphic file (type png)
<use Soils/1_v2.png>
Package pdftex.def Info: Soils/1_v2.png  used on input line 646.
(pdftex.def)             Requested size: 472.03123pt x 204.15839pt.


[16]
<Soils/1.jpg, id=735, 580.41844pt x 239.39438pt>
File: Soils/1.jpg Graphic file (type jpg)
<use Soils/1.jpg>
Package pdftex.def Info: Soils/1.jpg  used on input line 652.
(pdftex.def)             Requested size: 472.03123pt x 194.69008pt.
<Soils/2_v2.png, id=736, 510.40688pt x 271.0125pt>
File: Soils/2_v2.png Graphic file (type png)
<use Soils/2_v2.png>
Package pdftex.def Info: Soils/2_v2.png  used on input line 662.
(pdftex.def)             Requested size: 354.02342pt x 187.98715pt.


[17 <./Soils/1_v2.png> <./Soils/1.jpg>]
<Soils/2.jpg, id=741, 576.65437pt x 240.9pt>
File: Soils/2.jpg Graphic file (type jpg)
<use Soils/2.jpg>
Package pdftex.def Info: Soils/2.jpg  used on input line 671.
(pdftex.def)             Requested size: 231.2979pt x 96.62662pt.
<Soils/2_v3.png, id=742, 518.6878pt x 269.50688pt>
File: Soils/2_v3.png Graphic file (type png)
<use Soils/2_v3.png>
Package pdftex.def Info: Soils/2_v3.png  used on input line 677.
(pdftex.def)             Requested size: 231.2979pt x 120.18307pt.
<Soils/3.png, id=743, 746.79pt x 274.77657pt>
File: Soils/3.png Graphic file (type png)
<use Soils/3.png>
Package pdftex.def Info: Soils/3.png  used on input line 690.
(pdftex.def)             Requested size: 472.03123pt x 173.68036pt.


[18 <./Soils/2_v2.png> <./Soils/2.jpg> <./Soils/2_v3.png>]
<Soils/3_v2.png, id=749, 768.62157pt x 269.50688pt>
File: Soils/3_v2.png Graphic file (type png)
<use Soils/3_v2.png>
Package pdftex.def Info: Soils/3_v2.png  used on input line 700.
(pdftex.def)             Requested size: 231.2979pt x 81.09941pt.
<Soils/3_v3.png, id=750, 767.86874pt x 266.49562pt>
File: Soils/3_v3.png Graphic file (type png)
<use Soils/3_v3.png>
Package pdftex.def Info: Soils/3_v3.png  used on input line 706.
(pdftex.def)             Requested size: 231.2979pt x 80.27461pt.
<Soils/3_v4.png, id=751, 767.11594pt x 269.50688pt>
File: Soils/3_v4.png Graphic file (type png)
<use Soils/3_v4.png>
Package pdftex.def Info: Soils/3_v4.png  used on input line 711.
(pdftex.def)             Requested size: 330.42041pt x 116.08719pt.
<Soils/4.png, id=752, 699.36281pt x 231.11343pt>
File: Soils/4.png Graphic file (type png)
<use Soils/4.png>
Package pdftex.def Info: Soils/4.png  used on input line 723.
(pdftex.def)             Requested size: 472.03123pt x 155.9913pt.


[19 <./Soils/3.png> <./Soils/3_v2.png> <./Soils/3_v3.png> <./Soils/3_v4.png>]
<Soils/4_v2.png, id=757, 680.5425pt x 221.32687pt>
File: Soils/4_v2.png Graphic file (type png)
<use Soils/4_v2.png>
Package pdftex.def Info: Soils/4_v2.png  used on input line 733.
(pdftex.def)             Requested size: 231.2979pt x 75.22311pt.
<Soils/4_v3png.png, id=758, 681.29532pt x 228.10219pt>
File: Soils/4_v3png.png Graphic file (type png)
<use Soils/4_v3png.png>
Package pdftex.def Info: Soils/4_v3png.png  used on input line 739.
(pdftex.def)             Requested size: 231.2979pt x 77.43884pt.
<Soils/5.png, id=759, 693.34032pt x 208.52907pt>
File: Soils/5.png Graphic file (type png)
<use Soils/5.png>
Package pdftex.def Info: Soils/5.png  used on input line 752.
(pdftex.def)             Requested size: 472.03123pt x 141.97289pt.


[20 <./Soils/4.png> <./Soils/4_v2.png> <./Soils/4_v3png.png>]
<Soils/5_v2.png, id=764, 709.90219pt x 243.91125pt>
File: Soils/5_v2.png Graphic file (type png)
<use Soils/5_v2.png>
Package pdftex.def Info: Soils/5_v2.png  used on input line 758.
(pdftex.def)             Requested size: 472.03123pt x 162.18777pt.
<Soils/6.png, id=765, 738.50906pt x 210.03468pt>
File: Soils/6.png Graphic file (type png)
<use Soils/6.png>
Package pdftex.def Info: Soils/6.png  used on input line 768.
(pdftex.def)             Requested size: 472.03123pt x 134.24867pt.


[21 <./Soils/5.png> <./Soils/5_v2.png>]
<Soils/6_v2.png, id=770, 764.10469pt x 213.79875pt>
File: Soils/6_v2.png Graphic file (type png)
<use Soils/6_v2.png>
Package pdftex.def Info: Soils/6_v2.png  used on input line 778.
(pdftex.def)             Requested size: 231.2979pt x 64.71754pt.
<Soils/6_v3.png, id=771, 748.29562pt x 263.48438pt>
File: Soils/6_v3.png Graphic file (type png)
<use Soils/6_v3.png>
Package pdftex.def Info: Soils/6_v3.png  used on input line 784.
(pdftex.def)             Requested size: 231.2979pt x 81.4421pt.
<Soils/7.png, id=772, 828.09375pt x 268.00125pt>
File: Soils/7.png Graphic file (type png)
<use Soils/7.png>
Package pdftex.def Info: Soils/7.png  used on input line 796.
(pdftex.def)             Requested size: 472.03123pt x 152.77046pt.
<Soils/7_v2.png, id=773, 836.3747pt x 249.18094pt>
File: Soils/7_v2.png Graphic file (type png)
<use Soils/7_v2.png>
Package pdftex.def Info: Soils/7_v2.png  used on input line 805.
(pdftex.def)             Requested size: 231.2979pt x 68.91087pt.
<Soils/7_v3.png, id=774, 824.32968pt x 257.46187pt>
File: Soils/7_v3.png Graphic file (type png)
<use Soils/7_v3.png>
Package pdftex.def Info: Soils/7_v3.png  used on input line 811.
(pdftex.def)             Requested size: 231.2979pt x 72.24203pt.
<Soils/7_v4.png, id=775, 825.83531pt x 269.50688pt>
File: Soils/7_v4.png Graphic file (type png)
<use Soils/7_v4.png>
Package pdftex.def Info: Soils/7_v4.png  used on input line 816.
(pdftex.def)             Requested size: 330.42041pt x 107.82962pt.


[22 <./Soils/6.png> <./Soils/6_v2.png> <./Soils/6_v3.png> <./Soils/7.png>]
<Soils/8.png, id=780, 842.39719pt x 289.83281pt>
File: Soils/8.png Graphic file (type png)
<use Soils/8.png>
Package pdftex.def Info: Soils/8.png  used on input line 828.
(pdftex.def)             Requested size: 472.03123pt x 162.40697pt.
<Soils/8_v2.png, id=781, 849.1725pt x 292.09125pt>
File: Soils/8_v2.png Graphic file (type png)
<use Soils/8_v2.png>
Package pdftex.def Info: Soils/8_v2.png  used on input line 834.
(pdftex.def)             Requested size: 472.03123pt x 162.3666pt.


[23 <./Soils/7_v2.png> <./Soils/7_v3.png> <./Soils/7_v4.png> <./Soils/8.png>]
<Soils/9.png, id=786, 618.05907pt x 155.07938pt>
File: Soils/9.png Graphic file (type png)
<use Soils/9.png>
Package pdftex.def Info: Soils/9.png  used on input line 844.
(pdftex.def)             Requested size: 472.03123pt x 118.44365pt.
<Soils/9_v2.png, id=787, 615.0478pt x 168.63pt>
File: Soils/9_v2.png Graphic file (type png)
<use Soils/9_v2.png>
Package pdftex.def Info: Soils/9_v2.png  used on input line 853.
(pdftex.def)             Requested size: 231.2979pt x 63.4162pt.
<Soils/9_v3.png, id=788, 612.78937pt x 176.91093pt>
File: Soils/9_v3.png Graphic file (type png)
<use Soils/9_v3.png>
Package pdftex.def Info: Soils/9_v3.png  used on input line 859.
(pdftex.def)             Requested size: 231.2979pt x 66.77333pt.
<Soils/9_v4.png, id=789, 544.28343pt x 170.88844pt>
File: Soils/9_v4.png Graphic file (type png)
<use Soils/9_v4.png>
Package pdftex.def Info: Soils/9_v4.png  used on input line 864.
(pdftex.def)             Requested size: 330.42041pt x 103.74113pt.


[24 <./Soils/8_v2.png> <./Soils/9.png>]
<Soils/10.png, id=795, 768.62157pt x 255.95625pt>
File: Soils/10.png Graphic file (type png)
<use Soils/10.png>
Package pdftex.def Info: Soils/10.png  used on input line 876.
(pdftex.def)             Requested size: 472.03123pt x 157.19148pt.
<Soils/10_v2.png, id=796, 776.9025pt x 286.82156pt>
File: Soils/10_v2.png Graphic file (type png)
<use Soils/10_v2.png>
Package pdftex.def Info: Soils/10_v2.png  used on input line 882.
(pdftex.def)             Requested size: 472.03123pt x 174.2694pt.


[25 <./Soils/9_v2.png> <./Soils/9_v3.png> <./Soils/9_v4.png> <./Soils/10.png>]
<Soils/11.png, id=801, 724.20563pt x 233.37187pt>
File: Soils/11.png Graphic file (type png)
<use Soils/11.png>
Package pdftex.def Info: Soils/11.png  used on input line 892.
(pdftex.def)             Requested size: 472.03123pt x 152.1101pt.
<Soils/11_v2.png, id=802, 697.10437pt x 228.855pt>
File: Soils/11_v2.png Graphic file (type png)
<use Soils/11_v2.png>
Package pdftex.def Info: Soils/11_v2.png  used on input line 902.
(pdftex.def)             Requested size: 231.2979pt x 75.93443pt.
<Soils/11_v3.png, id=803, 737.00343pt x 244.66406pt>
File: Soils/11_v3.png Graphic file (type png)
<use Soils/11_v3.png>
Package pdftex.def Info: Soils/11_v3.png  used on input line 908.
(pdftex.def)             Requested size: 231.2979pt x 76.78212pt.


[26 <./Soils/10_v2.png> <./Soils/11.png> <./Soils/11_v2.png> <./Soils/11_v3.png>]
<Soils/12.png, id=808, 758.08218pt x 222.8325pt>
File: Soils/12.png Graphic file (type png)
<use Soils/12.png>
Package pdftex.def Info: Soils/12.png  used on input line 921.
(pdftex.def)             Requested size: 472.03123pt x 138.75314pt.
<Soils/12_v2.png, id=809, 786.68906pt x 229.60782pt>
File: Soils/12_v2.png Graphic file (type png)
<use Soils/12_v2.png>
Package pdftex.def Info: Soils/12_v2.png  used on input line 927.
(pdftex.def)             Requested size: 472.03123pt x 137.77275pt.
<Soils/13.png, id=810, 722.7pt x 201.00093pt>
File: Soils/13.png Graphic file (type png)
<use Soils/13.png>
Package pdftex.def Info: Soils/13.png  used on input line 938.
(pdftex.def)             Requested size: 231.2979pt x 64.32773pt.
<Soils/13_v2.png, id=811, 590.95781pt x 228.855pt>
File: Soils/13_v2.png Graphic file (type png)
<use Soils/13_v2.png>
Package pdftex.def Info: Soils/13_v2.png  used on input line 943.
(pdftex.def)             Requested size: 231.2979pt x 89.57086pt.


[27 <./Soils/12.png> <./Soils/12_v2.png>]
<Soils/13_v3.png, id=816, 706.13812pt x 211.54031pt>
File: Soils/13_v3.png Graphic file (type png)
<use Soils/13_v3.png>
Package pdftex.def Info: Soils/13_v3.png  used on input line 952.
(pdftex.def)             Requested size: 472.03123pt x 141.40848pt.

Underfull \hbox (badness 10000) in paragraph at lines 957--959

 []



[28 <./Soils/13.png> <./Soils/13_v2.png> <./Soils/13_v3.png>]
<diagramas/VPP_B.png, id=822, 770.3982pt x 396.7623pt>
File: diagramas/VPP_B.png Graphic file (type png)
<use diagramas/VPP_B.png>
Package pdftex.def Info: diagramas/VPP_B.png  used on input line 966.
(pdftex.def)             Requested size: 472.03123pt x 243.10226pt.


[29 <./diagramas/VPP_B.png>]
<diagramas/USE_B.png, id=828, 758.835pt x 367.80267pt>
File: diagramas/USE_B.png Graphic file (type png)
<use diagramas/USE_B.png>
Package pdftex.def Info: diagramas/USE_B.png  used on input line 1024.
(pdftex.def)             Requested size: 472.03123pt x 228.79294pt.


[30]

[31 <./diagramas/USE_B.png>]

[32]

[33]

[34]

[35]

[36]

[37]
<Soils/dinamico_inv4_bien.png, id=1169, 817.55438pt x 398.23781pt>
File: Soils/dinamico_inv4_bien.png Graphic file (type png)
<use Soils/dinamico_inv4_bien.png>
Package pdftex.def Info: Soils/dinamico_inv4_bien.png  used on input line 1380.
(pdftex.def)             Requested size: 472.03123pt x 229.9329pt.


[38]
<Soils/dinamico_inv4_false.png, id=1197, 892.83563pt x 383.18156pt>
File: Soils/dinamico_inv4_false.png Graphic file (type png)
<use Soils/dinamico_inv4_false.png>
Package pdftex.def Info: Soils/dinamico_inv4_false.png  used on input line 1385.
(pdftex.def)             Requested size: 472.03123pt x 202.58243pt.
<Soils/dinamico_inv5_true.png, id=1198, 869.49844pt x 372.64218pt>
File: Soils/dinamico_inv5_true.png Graphic file (type png)
<use Soils/dinamico_inv5_true.png>
Package pdftex.def Info: Soils/dinamico_inv5_true.png  used on input line 1392.
(pdftex.def)             Requested size: 472.03123pt x 202.30412pt.


[39 <./Soils/dinamico_inv4_bien.png> <./Soils/dinamico_inv4_false.png>]
<Soils/dinamico_inv5_false.png, id=1203, 883.04906pt x 381.67593pt>
File: Soils/dinamico_inv5_false.png Graphic file (type png)
<use Soils/dinamico_inv5_false.png>
Package pdftex.def Info: Soils/dinamico_inv5_false.png  used on input line 1397.
(pdftex.def)             Requested size: 472.03123pt x 204.0228pt.
<Soils/dinamico_inv13_true.png, id=1204, 512.34268pt x 223.26268pt>
File: Soils/dinamico_inv13_true.png Graphic file (type png)
<use Soils/dinamico_inv13_true.png>
Package pdftex.def Info: Soils/dinamico_inv13_true.png  used on input line 1404.
(pdftex.def)             Requested size: 377.62642pt x 164.5645pt.


[40 <./Soils/dinamico_inv5_true.png> <./Soils/dinamico_inv5_false.png>]
File: Soils/dinamico_inv5_false.png Graphic file (type png)
<use Soils/dinamico_inv5_false.png>
Package pdftex.def Info: Soils/dinamico_inv5_false.png  used on input line 1409.
(pdftex.def)             Requested size: 472.03123pt x 204.0228pt.


[41 <./Soils/dinamico_inv13_true.png>]
<fotosInstantes/Instante0.png, id=1214, 1012.5328pt x 523.9575pt>
File: fotosInstantes/Instante0.png Graphic file (type png)
<use fotosInstantes/Instante0.png>
Package pdftex.def Info: fotosInstantes/Instante0.png  used on input line 1426.
(pdftex.def)             Requested size: 472.03123pt x 244.26932pt.
<fotosInstantes/Instante1.png, id=1215, 1012.5328pt x 518.6878pt>
File: fotosInstantes/Instante1.png Graphic file (type png)
<use fotosInstantes/Instante1.png>
Package pdftex.def Info: fotosInstantes/Instante1.png  used on input line 1439.
(pdftex.def)             Requested size: 472.03123pt x 241.81258pt.


[42 <./fotosInstantes/Instante0.png>]
<fotosInstantes/Instante2.png, id=1221, 1103.62312pt x 527.72156pt>
File: fotosInstantes/Instante2.png Graphic file (type png)
<use fotosInstantes/Instante2.png>
Package pdftex.def Info: fotosInstantes/Instante2.png  used on input line 1450.
(pdftex.def)             Requested size: 472.03123pt x 225.71605pt.


[43 <./fotosInstantes/Instante1.png> <./fotosInstantes/Instante2.png>]

[44] (main.aux
LaTeX Info: Redefining \. on input line 11.
LaTeX Info: Redefining \% on input line 11.
)
 ***********
LaTeX2e <2024-11-01>
L3 programming layer <2024-10-09>
 ***********


LaTeX Warning: There were multiply-defined labels.

Package rerunfilecheck Info: File `main.out' has not changed.
(rerunfilecheck)             Checksum: 368E1E0528AF385647AFB3B7852CF14C;11066.
 ) 
Here is how much of TeX's memory you used:
 14909 strings out of 473702
 230670 string characters out of 5735993
 1229718 words of memory out of 5000000
 37027 multiletter control sequences out of 15000+600000
 562112 words of font info for 50 fonts, out of 8000000 for 9000
 1141 hyphenation exceptions out of 8191
 79i,8n,93p,747b,2259s stack positions out of 10000i,1000n,20000p,200000b,200000s
 <C:\Users\franc\AppData\Local\MiKTeX\fonts/pk/ljfour/jknappen/ec/dpi600\tcrm1000.pk><C:/MikTeX/fonts/type1/public/amsfonts/cm/cmbx10.pfb><C:/MikTeX/fonts/type1/public/amsfonts/cm/cmbx12.pfb><C:/MikTeX/fonts/type1/public/amsfonts/cm/cmcsc10.pfb><C:/MikTeX/fonts/type1/public/amsfonts/cm/cmr10.pfb><C:/MikTeX/fonts/type1/public/amsfonts/cm/cmr12.pfb><C:/MikTeX/fonts/type1/public/amsfonts/cm/cmti10.pfb><C:/MikTeX/fonts/type1/public/amsfonts/cm/cmtt10.pfb><C:/MikTeX/fonts/type1/public/amsfonts/cm/cmtt9.pfb>
Output written on main.pdf (45 pages, 1643316 bytes).
PDF statistics:
 1474 PDF objects out of 1728 (max. 8388607)
 796 named destinations out of 1000 (max. 500000)
 699 words of extra memory for PDF output out of 10000 (max. 10000000)

